# JRE version: OpenJDK Runtime Environment (8.0_152-b02) (build 1.8.0_152-release-1024-b02)
# Java VM: OpenJDK 64-Bit Server VM (25.152-b02 mixed mode windows-amd64 compressed oops)
Heap:
 PSYoungGen      total 233984K, used 138139K [0x00000000e0000000, 0x00000000f0300000, 0x0000000100000000)
  eden space 217600K, 55% used [0x00000000e0000000,0x00000000e76e8668,0x00000000ed480000)
  from space 16384K, 99% used [0x00000000ee300000,0x00000000ef2fe8b0,0x00000000ef300000)
  to   space 13312K, 0% used [0x00000000ef600000,0x00000000ef600000,0x00000000f0300000)
 ParOldGen       total 124928K, used 49248K [0x00000000a0000000, 0x00000000a7a00000, 0x00000000e0000000)
  object space 124928K, 39% used [0x00000000a0000000,0x00000000a3018310,0x00000000a7a00000)
 Metaspace       used 76994K, capacity 81374K, committed 81496K, reserved 1120256K
  class space    used 10193K, capacity 11058K, committed 11136K, reserved 1048576K
GC Heap History (10 events):
Event: 11.237 GC heap before
{Heap before GC invocations=14 (full 2):
 PSYoungGen      total 152576K, used 148819K [0x00000000e0000000, 0x00000000eca00000, 0x0000000100000000)
  eden space 140288K, 100% used [0x00000000e0000000,0x00000000e8900000,0x00000000e8900000)
  from space 12288K, 69% used [0x00000000e8900000,0x00000000e9154dd0,0x00000000e9500000)
  to   space 12288K, 0% used [0x00000000ebe00000,0x00000000ebe00000,0x00000000eca00000)
 ParOldGen       total 73216K, used 20555K [0x00000000a0000000, 0x00000000a4780000, 0x00000000e0000000)
  object space 73216K, 28% used [0x00000000a0000000,0x00000000a1412e30,0x00000000a4780000)
 Metaspace       used 54269K, capacity 56102K, committed 56152K, reserved 1097728K
  class space    used 7370K, capacity 7798K, committed 7808K, reserved 1048576K
Event: 11.252 GC heap after
Heap after GC invocations=14 (full 2):
 PSYoungGen      total 190976K, used 12264K [0x00000000e0000000, 0x00000000ed880000, 0x0000000100000000)
  eden space 178688K, 0% used [0x00000000e0000000,0x00000000e0000000,0x00000000eae80000)
  from space 12288K, 99% used [0x00000000ebe00000,0x00000000ec9fa270,0x00000000eca00000)
  to   space 15872K, 0% used [0x00000000eae80000,0x00000000eae80000,0x00000000ebe00000)
 ParOldGen       total 73216K, used 26026K [0x00000000a0000000, 0x00000000a4780000, 0x00000000e0000000)
  object space 73216K, 35% used [0x00000000a0000000,0x00000000a196aaf8,0x00000000a4780000)
 Metaspace       used 54269K, capacity 56102K, committed 56152K, reserved 1097728K
  class space    used 7370K, capacity 7798K, committed 7808K, reserved 1048576K
}
Event: 12.679 GC heap before
{Heap before GC invocations=15 (full 2):
 PSYoungGen      total 190976K, used 131810K [0x00000000e0000000, 0x00000000ed880000, 0x0000000100000000)
  eden space 178688K, 66% used [0x00000000e0000000,0x00000000e74be7d0,0x00000000eae80000)
  from space 12288K, 99% used [0x00000000ebe00000,0x00000000ec9fa270,0x00000000eca00000)
  to   space 15872K, 0% used [0x00000000eae80000,0x00000000eae80000,0x00000000ebe00000)
 ParOldGen       total 73216K, used 26026K [0x00000000a0000000, 0x00000000a4780000, 0x00000000e0000000)
  object space 73216K, 35% used [0x00000000a0000000,0x00000000a196aaf8,0x00000000a4780000)
 Metaspace       used 56885K, capacity 58982K, committed 59028K, reserved 1099776K
  class space    used 7691K, capacity 8148K, committed 8192K, reserved 1048576K
Event: 12.692 GC heap after
Heap after GC invocations=15 (full 2):
 PSYoungGen      total 194560K, used 9129K [0x00000000e0000000, 0x00000000f0500000, 0x0000000100000000)
  eden space 178688K, 0% used [0x00000000e0000000,0x00000000e0000000,0x00000000eae80000)
  from space 15872K, 57% used [0x00000000eae80000,0x00000000eb76a620,0x00000000ebe00000)
  to   space 15360K, 0% used [0x00000000ef600000,0x00000000ef600000,0x00000000f0500000)
 ParOldGen       total 73216K, used 36227K [0x00000000a0000000, 0x00000000a4780000, 0x00000000e0000000)
  object space 73216K, 49% used [0x00000000a0000000,0x00000000a2360fc8,0x00000000a4780000)
 Metaspace       used 56885K, capacity 58982K, committed 59028K, reserved 1099776K
  class space    used 7691K, capacity 8148K, committed 8192K, reserved 1048576K
}
Event: 12.692 GC heap before
{Heap before GC invocations=16 (full 3):
 PSYoungGen      total 194560K, used 9129K [0x00000000e0000000, 0x00000000f0500000, 0x0000000100000000)
  eden space 178688K, 0% used [0x00000000e0000000,0x00000000e0000000,0x00000000eae80000)
  from space 15872K, 57% used [0x00000000eae80000,0x00000000eb76a620,0x00000000ebe00000)
  to   space 15360K, 0% used [0x00000000ef600000,0x00000000ef600000,0x00000000f0500000)
 ParOldGen       total 73216K, used 36227K [0x00000000a0000000, 0x00000000a4780000, 0x00000000e0000000)
  object space 73216K, 49% used [0x00000000a0000000,0x00000000a2360fc8,0x00000000a4780000)
 Metaspace       used 56885K, capacity 58982K, committed 59028K, reserved 1099776K
  class space    used 7691K, capacity 8148K, committed 8192K, reserved 1048576K
Event: 12.995 GC heap after
Heap after GC invocations=16 (full 3):
 PSYoungGen      total 194560K, used 0K [0x00000000e0000000, 0x00000000f0500000, 0x0000000100000000)
  eden space 178688K, 0% used [0x00000000e0000000,0x00000000e0000000,0x00000000eae80000)
  from space 15872K, 0% used [0x00000000eae80000,0x00000000eae80000,0x00000000ebe00000)
  to   space 15360K, 0% used [0x00000000ef600000,0x00000000ef600000,0x00000000f0500000)
 ParOldGen       total 124928K, used 41399K [0x00000000a0000000, 0x00000000a7a00000, 0x00000000e0000000)
  object space 124928K, 33% used [0x00000000a0000000,0x00000000a286dec0,0x00000000a7a00000)
 Metaspace       used 56885K, capacity 58982K, committed 59028K, reserved 1099776K
  class space    used 7691K, capacity 8148K, committed 8192K, reserved 1048576K
}
Event: 160.776 GC heap before
{Heap before GC invocations=17 (full 3):
 PSYoungGen      total 194560K, used 178688K [0x00000000e0000000, 0x00000000f0500000, 0x0000000100000000)
  eden space 178688K, 100% used [0x00000000e0000000,0x00000000eae80000,0x00000000eae80000)
  from space 15872K, 0% used [0x00000000eae80000,0x00000000eae80000,0x00000000ebe00000)
  to   space 15360K, 0% used [0x00000000ef600000,0x00000000ef600000,0x00000000f0500000)
 ParOldGen       total 124928K, used 41399K [0x00000000a0000000, 0x00000000a7a00000, 0x00000000e0000000)
  object space 124928K, 33% used [0x00000000a0000000,0x00000000a286dec0,0x00000000a7a00000)
 Metaspace       used 60526K, capacity 62826K, committed 63064K, reserved 1103872K
  class space    used 8036K, capacity 8524K, committed 8576K, reserved 1048576K
Event: 160.787 GC heap after
Heap after GC invocations=17 (full 3):
 PSYoungGen      total 230912K, used 12940K [0x00000000e0000000, 0x00000000f0300000, 0x0000000100000000)
  eden space 217600K, 0% used [0x00000000e0000000,0x00000000e0000000,0x00000000ed480000)
  from space 13312K, 97% used [0x00000000ef600000,0x00000000f02a32d8,0x00000000f0300000)
  to   space 16384K, 0% used [0x00000000ee300000,0x00000000ee300000,0x00000000ef300000)
 ParOldGen       total 124928K, used 41407K [0x00000000a0000000, 0x00000000a7a00000, 0x00000000e0000000)
  object space 124928K, 33% used [0x00000000a0000000,0x00000000a286fec0,0x00000000a7a00000)
 Metaspace       used 60526K, capacity 62826K, committed 63064K, reserved 1103872K
  class space    used 8036K, capacity 8524K, committed 8576K, reserved 1048576K
}
Event: 167.369 GC heap before
{Heap before GC invocations=18 (full 3):
 PSYoungGen      total 230912K, used 230540K [0x00000000e0000000, 0x00000000f0300000, 0x0000000100000000)
  eden space 217600K, 100% used [0x00000000e0000000,0x00000000ed480000,0x00000000ed480000)
  from space 13312K, 97% used [0x00000000ef600000,0x00000000f02a32d8,0x00000000f0300000)
  to   space 16384K, 0% used [0x00000000ee300000,0x00000000ee300000,0x00000000ef300000)
 ParOldGen       total 124928K, used 41407K [0x00000000a0000000, 0x00000000a7a00000, 0x00000000e0000000)
  object space 124928K, 33% used [0x00000000a0000000,0x00000000a286fec0,0x00000000a7a00000)
 Metaspace       used 72532K, capacity 75650K, committed 75992K, reserved 1116160K
  class space    used 9501K, capacity 10130K, committed 10240K, reserved 1048576K
Event: 167.390 GC heap after
Heap after GC invocations=18 (full 3):
 PSYoungGen      total 233984K, used 16378K [0x00000000e0000000, 0x00000000f0300000, 0x0000000100000000)
  eden space 217600K, 0% used [0x00000000e0000000,0x00000000e0000000,0x00000000ed480000)
  from space 16384K, 99% used [0x00000000ee300000,0x00000000ef2fe8b0,0x00000000ef300000)
  to   space 13312K, 0% used [0x00000000ef600000,0x00000000ef600000,0x00000000f0300000)
 ParOldGen       total 124928K, used 49248K [0x00000000a0000000, 0x00000000a7a00000, 0x00000000e0000000)
  object space 124928K, 39% used [0x00000000a0000000,0x00000000a3018310,0x00000000a7a00000)
 Metaspace       used 72532K, capacity 75650K, committed 75992K, reserved 1116160K
  class space    used 9501K, capacity 10130K, committed 10240K, reserved 1048576K
}

