# JRE version: OpenJDK Runtime Environment (8.0_152-b02) (build 1.8.0_152-release-1024-b02)
# Java VM: OpenJDK 64-Bit Server VM (25.152-b02 mixed mode windows-amd64 compressed oops)
Heap:
 PSYoungGen      total 222720K, used 38219K [0x00000000e0000000, 0x00000000f0d00000, 0x0000000100000000)
  eden space 202240K, 18% used [0x00000000e0000000,0x00000000e2552d70,0x00000000ec580000)
  from space 20480K, 0% used [0x00000000ee400000,0x00000000ee400000,0x00000000ef800000)
  to   space 31232K, 0% used [0x00000000ec580000,0x00000000ec580000,0x00000000ee400000)
 ParOldGen       total 172032K, used 57397K [0x00000000a0000000, 0x00000000aa800000, 0x00000000e0000000)
  object space 172032K, 33% used [0x00000000a0000000,0x00000000a380d738,0x00000000aa800000)
 Metaspace       used 58173K, capacity 60254K, committed 60376K, reserved 1101824K
  class space    used 7920K, capacity 8400K, committed 8448K, reserved 1048576K
GC Heap History (10 events):
Event: 4.836 GC heap before
{Heap before GC invocations=9 (full 2):
 PSYoungGen      total 140800K, used 10220K [0x00000000e0000000, 0x00000000ec780000, 0x0000000100000000)
  eden space 130560K, 0% used [0x00000000e0000000,0x00000000e0000000,0x00000000e7f80000)
  from space 10240K, 99% used [0x00000000e7f80000,0x00000000e897b140,0x00000000e8980000)
  to   space 12800K, 0% used [0x00000000ebb00000,0x00000000ebb00000,0x00000000ec780000)
 ParOldGen       total 56320K, used 10212K [0x00000000a0000000, 0x00000000a3700000, 0x00000000e0000000)
  object space 56320K, 18% used [0x00000000a0000000,0x00000000a09f9218,0x00000000a3700000)
 Metaspace       used 34768K, capacity 35400K, committed 35416K, reserved 1079296K
  class space    used 4781K, capacity 4976K, committed 4992K, reserved 1048576K
Event: 4.921 GC heap after
Heap after GC invocations=9 (full 2):
 PSYoungGen      total 140800K, used 0K [0x00000000e0000000, 0x00000000ec780000, 0x0000000100000000)
  eden space 130560K, 0% used [0x00000000e0000000,0x00000000e0000000,0x00000000e7f80000)
  from space 10240K, 0% used [0x00000000e7f80000,0x00000000e7f80000,0x00000000e8980000)
  to   space 12800K, 0% used [0x00000000ebb00000,0x00000000ebb00000,0x00000000ec780000)
 ParOldGen       total 95744K, used 19344K [0x00000000a0000000, 0x00000000a5d80000, 0x00000000e0000000)
  object space 95744K, 20% used [0x00000000a0000000,0x00000000a12e4220,0x00000000a5d80000)
 Metaspace       used 34768K, capacity 35400K, committed 35416K, reserved 1079296K
  class space    used 4781K, capacity 4976K, committed 4992K, reserved 1048576K
}
Event: 6.303 GC heap before
{Heap before GC invocations=10 (full 2):
 PSYoungGen      total 140800K, used 130560K [0x00000000e0000000, 0x00000000ec780000, 0x0000000100000000)
  eden space 130560K, 100% used [0x00000000e0000000,0x00000000e7f80000,0x00000000e7f80000)
  from space 10240K, 0% used [0x00000000e7f80000,0x00000000e7f80000,0x00000000e8980000)
  to   space 12800K, 0% used [0x00000000ebb00000,0x00000000ebb00000,0x00000000ec780000)
 ParOldGen       total 95744K, used 19344K [0x00000000a0000000, 0x00000000a5d80000, 0x00000000e0000000)
  object space 95744K, 20% used [0x00000000a0000000,0x00000000a12e4220,0x00000000a5d80000)
 Metaspace       used 43123K, capacity 44068K, committed 44376K, reserved 1087488K
  class space    used 5932K, capacity 6211K, committed 6272K, reserved 1048576K
Event: 6.320 GC heap after
Heap after GC invocations=10 (full 2):
 PSYoungGen      total 189440K, used 12785K [0x00000000e0000000, 0x00000000eca80000, 0x0000000100000000)
  eden space 176640K, 0% used [0x00000000e0000000,0x00000000e0000000,0x00000000eac80000)
  from space 12800K, 99% used [0x00000000ebb00000,0x00000000ec77c740,0x00000000ec780000)
  to   space 14848K, 0% used [0x00000000eac80000,0x00000000eac80000,0x00000000ebb00000)
 ParOldGen       total 95744K, used 20891K [0x00000000a0000000, 0x00000000a5d80000, 0x00000000e0000000)
  object space 95744K, 21% used [0x00000000a0000000,0x00000000a1466de0,0x00000000a5d80000)
 Metaspace       used 43123K, capacity 44068K, committed 44376K, reserved 1087488K
  class space    used 5932K, capacity 6211K, committed 6272K, reserved 1048576K
}
Event: 8.077 GC heap before
{Heap before GC invocations=11 (full 2):
 PSYoungGen      total 189440K, used 189425K [0x00000000e0000000, 0x00000000eca80000, 0x0000000100000000)
  eden space 176640K, 100% used [0x00000000e0000000,0x00000000eac80000,0x00000000eac80000)
  from space 12800K, 99% used [0x00000000ebb00000,0x00000000ec77c740,0x00000000ec780000)
  to   space 14848K, 0% used [0x00000000eac80000,0x00000000eac80000,0x00000000ebb00000)
 ParOldGen       total 95744K, used 20891K [0x00000000a0000000, 0x00000000a5d80000, 0x00000000e0000000)
  object space 95744K, 21% used [0x00000000a0000000,0x00000000a1466de0,0x00000000a5d80000)
 Metaspace       used 53082K, capacity 54962K, committed 55128K, reserved 1097728K
  class space    used 7235K, capacity 7686K, committed 7808K, reserved 1048576K
Event: 8.098 GC heap after
Heap after GC invocations=11 (full 2):
 PSYoungGen      total 191488K, used 14830K [0x00000000e0000000, 0x00000000ef800000, 0x0000000100000000)
  eden space 176640K, 0% used [0x00000000e0000000,0x00000000e0000000,0x00000000eac80000)
  from space 14848K, 99% used [0x00000000eac80000,0x00000000ebafba00,0x00000000ebb00000)
  to   space 20480K, 0% used [0x00000000ee400000,0x00000000ee400000,0x00000000ef800000)
 ParOldGen       total 95744K, used 29623K [0x00000000a0000000, 0x00000000a5d80000, 0x00000000e0000000)
  object space 95744K, 30% used [0x00000000a0000000,0x00000000a1cedc88,0x00000000a5d80000)
 Metaspace       used 53082K, capacity 54962K, committed 55128K, reserved 1097728K
  class space    used 7235K, capacity 7686K, committed 7808K, reserved 1048576K
}
Event: 9.959 GC heap before
{Heap before GC invocations=12 (full 2):
 PSYoungGen      total 191488K, used 153423K [0x00000000e0000000, 0x00000000ef800000, 0x0000000100000000)
  eden space 176640K, 78% used [0x00000000e0000000,0x00000000e87582c0,0x00000000eac80000)
  from space 14848K, 99% used [0x00000000eac80000,0x00000000ebafba00,0x00000000ebb00000)
  to   space 20480K, 0% used [0x00000000ee400000,0x00000000ee400000,0x00000000ef800000)
 ParOldGen       total 95744K, used 29623K [0x00000000a0000000, 0x00000000a5d80000, 0x00000000e0000000)
  object space 95744K, 30% used [0x00000000a0000000,0x00000000a1cedc88,0x00000000a5d80000)
 Metaspace       used 56902K, capacity 58822K, committed 58968K, reserved 1099776K
  class space    used 7727K, capacity 8198K, committed 8320K, reserved 1048576K
Event: 9.986 GC heap after
Heap after GC invocations=12 (full 2):
 PSYoungGen      total 222720K, used 20470K [0x00000000e0000000, 0x00000000f0d00000, 0x0000000100000000)
  eden space 202240K, 0% used [0x00000000e0000000,0x00000000e0000000,0x00000000ec580000)
  from space 20480K, 99% used [0x00000000ee400000,0x00000000ef7fd9b0,0x00000000ef800000)
  to   space 31232K, 0% used [0x00000000ec580000,0x00000000ec580000,0x00000000ee400000)
 ParOldGen       total 95744K, used 51954K [0x00000000a0000000, 0x00000000a5d80000, 0x00000000e0000000)
  object space 95744K, 54% used [0x00000000a0000000,0x00000000a32bc968,0x00000000a5d80000)
 Metaspace       used 56902K, capacity 58822K, committed 58968K, reserved 1099776K
  class space    used 7727K, capacity 8198K, committed 8320K, reserved 1048576K
}
Event: 9.986 GC heap before
{Heap before GC invocations=13 (full 3):
 PSYoungGen      total 222720K, used 20470K [0x00000000e0000000, 0x00000000f0d00000, 0x0000000100000000)
  eden space 202240K, 0% used [0x00000000e0000000,0x00000000e0000000,0x00000000ec580000)
  from space 20480K, 99% used [0x00000000ee400000,0x00000000ef7fd9b0,0x00000000ef800000)
  to   space 31232K, 0% used [0x00000000ec580000,0x00000000ec580000,0x00000000ee400000)
 ParOldGen       total 95744K, used 51954K [0x00000000a0000000, 0x00000000a5d80000, 0x00000000e0000000)
  object space 95744K, 54% used [0x00000000a0000000,0x00000000a32bc968,0x00000000a5d80000)
 Metaspace       used 56902K, capacity 58822K, committed 58968K, reserved 1099776K
  class space    used 7727K, capacity 8198K, committed 8320K, reserved 1048576K
Event: 10.167 GC heap after
Heap after GC invocations=13 (full 3):
 PSYoungGen      total 222720K, used 0K [0x00000000e0000000, 0x00000000f0d00000, 0x0000000100000000)
  eden space 202240K, 0% used [0x00000000e0000000,0x00000000e0000000,0x00000000ec580000)
  from space 20480K, 0% used [0x00000000ee400000,0x00000000ee400000,0x00000000ef800000)
  to   space 31232K, 0% used [0x00000000ec580000,0x00000000ec580000,0x00000000ee400000)
 ParOldGen       total 172032K, used 57397K [0x00000000a0000000, 0x00000000aa800000, 0x00000000e0000000)
  object space 172032K, 33% used [0x00000000a0000000,0x00000000a380d738,0x00000000aa800000)
 Metaspace       used 56897K, capacity 58804K, committed 58968K, reserved 1099776K
  class space    used 7725K, capacity 8195K, committed 8320K, reserved 1048576K
}

