# JRE version: OpenJDK Runtime Environment (8.0_152-b02) (build 1.8.0_152-release-1024-b02)
# Java VM: OpenJDK 64-Bit Server VM (25.152-b02 mixed mode windows-amd64 compressed oops)
Heap:
 PSYoungGen      total 342016K, used 138421K [0x00000000e0000000, 0x00000000fb580000, 0x0000000100000000)
  eden space 258048K, 21% used [0x00000000e0000000,0x00000000e3530ce0,0x00000000efc00000)
  from space 83968K, 99% used [0x00000000efc00000,0x00000000f4dfcad0,0x00000000f4e00000)
  to   space 71680K, 0% used [0x00000000f4e00000,0x00000000f4e00000,0x00000000f9400000)
 ParOldGen       total 208384K, used 70480K [0x00000000a0000000, 0x00000000acb80000, 0x00000000e0000000)
  object space 208384K, 33% used [0x00000000a0000000,0x00000000a44d41f8,0x00000000acb80000)
 Metaspace       used 96049K, capacity 101656K, committed 102360K, reserved 1138688K
  class space    used 12015K, capacity 13079K, committed 13312K, reserved 1048576K
GC Heap History (10 events):
Event: 8301.934 GC heap before
{Heap before GC invocations=35 (full 4):
 PSYoungGen      total 330240K, used 308693K [0x00000000e0000000, 0x00000000f8e00000, 0x0000000100000000)
  eden space 258048K, 100% used [0x00000000e0000000,0x00000000efc00000,0x00000000efc00000)
  from space 72192K, 70% used [0x00000000f4480000,0x00000000f75f56c0,0x00000000f8b00000)
  to   space 74240K, 0% used [0x00000000efc00000,0x00000000efc00000,0x00000000f4480000)
 ParOldGen       total 208384K, used 45787K [0x00000000a0000000, 0x00000000acb80000, 0x00000000e0000000)
  object space 208384K, 21% used [0x00000000a0000000,0x00000000a2cb6e78,0x00000000acb80000)
 Metaspace       used 94542K, capacity 99248K, committed 101336K, reserved 1136640K
  class space    used 11820K, capacity 12787K, committed 13312K, reserved 1048576K
Event: 8301.971 GC heap after
Heap after GC invocations=35 (full 4):
 PSYoungGen      total 332288K, used 40253K [0x00000000e0000000, 0x00000000f9400000, 0x0000000100000000)
  eden space 258048K, 0% used [0x00000000e0000000,0x00000000e0000000,0x00000000efc00000)
  from space 74240K, 54% used [0x00000000efc00000,0x00000000f234f650,0x00000000f4480000)
  to   space 71680K, 0% used [0x00000000f4e00000,0x00000000f4e00000,0x00000000f9400000)
 ParOldGen       total 208384K, used 45795K [0x00000000a0000000, 0x00000000acb80000, 0x00000000e0000000)
  object space 208384K, 21% used [0x00000000a0000000,0x00000000a2cb8e78,0x00000000acb80000)
 Metaspace       used 94542K, capacity 99248K, committed 101336K, reserved 1136640K
  class space    used 11820K, capacity 12787K, committed 13312K, reserved 1048576K
}
Event: 8305.071 GC heap before
{Heap before GC invocations=36 (full 4):
 PSYoungGen      total 332288K, used 298301K [0x00000000e0000000, 0x00000000f9400000, 0x0000000100000000)
  eden space 258048K, 100% used [0x00000000e0000000,0x00000000efc00000,0x00000000efc00000)
  from space 74240K, 54% used [0x00000000efc00000,0x00000000f234f650,0x00000000f4480000)
  to   space 71680K, 0% used [0x00000000f4e00000,0x00000000f4e00000,0x00000000f9400000)
 ParOldGen       total 208384K, used 45795K [0x00000000a0000000, 0x00000000acb80000, 0x00000000e0000000)
  object space 208384K, 21% used [0x00000000a0000000,0x00000000a2cb8e78,0x00000000acb80000)
 Metaspace       used 94888K, capacity 99786K, committed 101848K, reserved 1138688K
  class space    used 11832K, capacity 12800K, committed 13312K, reserved 1048576K
Event: 8305.129 GC heap after
Heap after GC invocations=36 (full 4):
 PSYoungGen      total 329728K, used 71665K [0x00000000e0000000, 0x00000000f9400000, 0x0000000100000000)
  eden space 258048K, 0% used [0x00000000e0000000,0x00000000e0000000,0x00000000efc00000)
  from space 71680K, 99% used [0x00000000f4e00000,0x00000000f93fc760,0x00000000f9400000)
  to   space 74240K, 0% used [0x00000000efc00000,0x00000000efc00000,0x00000000f4480000)
 ParOldGen       total 208384K, used 56963K [0x00000000a0000000, 0x00000000acb80000, 0x00000000e0000000)
  object space 208384K, 27% used [0x00000000a0000000,0x00000000a37a0e28,0x00000000acb80000)
 Metaspace       used 94888K, capacity 99786K, committed 101848K, reserved 1138688K
  class space    used 11832K, capacity 12800K, committed 13312K, reserved 1048576K
}
Event: 8306.810 GC heap before
{Heap before GC invocations=37 (full 4):
 PSYoungGen      total 329728K, used 329713K [0x00000000e0000000, 0x00000000f9400000, 0x0000000100000000)
  eden space 258048K, 100% used [0x00000000e0000000,0x00000000efc00000,0x00000000efc00000)
  from space 71680K, 99% used [0x00000000f4e00000,0x00000000f93fc760,0x00000000f9400000)
  to   space 74240K, 0% used [0x00000000efc00000,0x00000000efc00000,0x00000000f4480000)
 ParOldGen       total 208384K, used 56963K [0x00000000a0000000, 0x00000000acb80000, 0x00000000e0000000)
  object space 208384K, 27% used [0x00000000a0000000,0x00000000a37a0e28,0x00000000acb80000)
 Metaspace       used 94919K, capacity 99828K, committed 101848K, reserved 1138688K
  class space    used 11836K, capacity 12807K, committed 13312K, reserved 1048576K
Event: 8306.861 GC heap after
Heap after GC invocations=37 (full 4):
 PSYoungGen      total 332288K, used 51289K [0x00000000e0000000, 0x00000000f9400000, 0x0000000100000000)
  eden space 258048K, 0% used [0x00000000e0000000,0x00000000e0000000,0x00000000efc00000)
  from space 74240K, 69% used [0x00000000efc00000,0x00000000f2e16480,0x00000000f4480000)
  to   space 71680K, 0% used [0x00000000f4e00000,0x00000000f4e00000,0x00000000f9400000)
 ParOldGen       total 208384K, used 56971K [0x00000000a0000000, 0x00000000acb80000, 0x00000000e0000000)
  object space 208384K, 27% used [0x00000000a0000000,0x00000000a37a2e28,0x00000000acb80000)
 Metaspace       used 94919K, capacity 99828K, committed 101848K, reserved 1138688K
  class space    used 11836K, capacity 12807K, committed 13312K, reserved 1048576K
}
Event: 8553.274 GC heap before
{Heap before GC invocations=38 (full 4):
 PSYoungGen      total 332288K, used 309337K [0x00000000e0000000, 0x00000000f9400000, 0x0000000100000000)
  eden space 258048K, 100% used [0x00000000e0000000,0x00000000efc00000,0x00000000efc00000)
  from space 74240K, 69% used [0x00000000efc00000,0x00000000f2e16480,0x00000000f4480000)
  to   space 71680K, 0% used [0x00000000f4e00000,0x00000000f4e00000,0x00000000f9400000)
 ParOldGen       total 208384K, used 56971K [0x00000000a0000000, 0x00000000acb80000, 0x00000000e0000000)
  object space 208384K, 27% used [0x00000000a0000000,0x00000000a37a2e28,0x00000000acb80000)
 Metaspace       used 95699K, capacity 101192K, committed 102104K, reserved 1138688K
  class space    used 11996K, capacity 13045K, committed 13312K, reserved 1048576K
Event: 8553.327 GC heap after
Heap after GC invocations=38 (full 4):
 PSYoungGen      total 329728K, used 54128K [0x00000000e0000000, 0x00000000fb580000, 0x0000000100000000)
  eden space 258048K, 0% used [0x00000000e0000000,0x00000000e0000000,0x00000000efc00000)
  from space 71680K, 75% used [0x00000000f4e00000,0x00000000f82dc058,0x00000000f9400000)
  to   space 83968K, 0% used [0x00000000efc00000,0x00000000efc00000,0x00000000f4e00000)
 ParOldGen       total 208384K, used 56979K [0x00000000a0000000, 0x00000000acb80000, 0x00000000e0000000)
  object space 208384K, 27% used [0x00000000a0000000,0x00000000a37a4e28,0x00000000acb80000)
 Metaspace       used 95699K, capacity 101192K, committed 102104K, reserved 1138688K
  class space    used 11996K, capacity 13045K, committed 13312K, reserved 1048576K
}
Event: 8556.905 GC heap before
{Heap before GC invocations=39 (full 4):
 PSYoungGen      total 329728K, used 312176K [0x00000000e0000000, 0x00000000fb580000, 0x0000000100000000)
  eden space 258048K, 100% used [0x00000000e0000000,0x00000000efc00000,0x00000000efc00000)
  from space 71680K, 75% used [0x00000000f4e00000,0x00000000f82dc058,0x00000000f9400000)
  to   space 83968K, 0% used [0x00000000efc00000,0x00000000efc00000,0x00000000f4e00000)
 ParOldGen       total 208384K, used 56979K [0x00000000a0000000, 0x00000000acb80000, 0x00000000e0000000)
  object space 208384K, 27% used [0x00000000a0000000,0x00000000a37a4e28,0x00000000acb80000)
 Metaspace       used 96027K, capacity 101638K, committed 102360K, reserved 1138688K
  class space    used 12014K, capacity 13076K, committed 13312K, reserved 1048576K
Event: 8556.980 GC heap after
Heap after GC invocations=39 (full 4):
 PSYoungGen      total 342016K, used 83954K [0x00000000e0000000, 0x00000000fb580000, 0x0000000100000000)
  eden space 258048K, 0% used [0x00000000e0000000,0x00000000e0000000,0x00000000efc00000)
  from space 83968K, 99% used [0x00000000efc00000,0x00000000f4dfcad0,0x00000000f4e00000)
  to   space 71680K, 0% used [0x00000000f4e00000,0x00000000f4e00000,0x00000000f9400000)
 ParOldGen       total 208384K, used 70480K [0x00000000a0000000, 0x00000000acb80000, 0x00000000e0000000)
  object space 208384K, 33% used [0x00000000a0000000,0x00000000a44d41f8,0x00000000acb80000)
 Metaspace       used 96027K, capacity 101638K, committed 102360K, reserved 1138688K
  class space    used 12014K, capacity 13076K, committed 13312K, reserved 1048576K
}

