# JRE version: OpenJDK Runtime Environment (8.0_152-b02) (build 1.8.0_152-release-1024-b02)
# Java VM: OpenJDK 64-Bit Server VM (25.152-b02 mixed mode windows-amd64 compressed oops)
Heap:
 PSYoungGen      total 135680K, used 14549K [0x00000000e0000000, 0x00000000ec180000, 0x0000000100000000)
  eden space 122368K, 11% used [0x00000000e0000000,0x00000000e0e35408,0x00000000e7780000)
  from space 13312K, 0% used [0x00000000e8b00000,0x00000000e8b00000,0x00000000e9800000)
  to   space 19968K, 0% used [0x00000000e7780000,0x00000000e7780000,0x00000000e8b00000)
 ParOldGen       total 83456K, used 34754K [0x00000000a0000000, 0x00000000a5180000, 0x00000000e0000000)
  object space 83456K, 41% used [0x00000000a0000000,0x00000000a21f0b98,0x00000000a5180000)
 Metaspace       used 58394K, capacity 60218K, committed 60248K, reserved 1101824K
  class space    used 7895K, capacity 8318K, committed 8320K, reserved 1048576K
GC Heap History (10 events):
Event: 10.769 GC heap before
{Heap before GC invocations=11 (full 2):
 PSYoungGen      total 110080K, used 99840K [0x00000000e0000000, 0x00000000e7c80000, 0x0000000100000000)
  eden space 99840K, 100% used [0x00000000e0000000,0x00000000e6180000,0x00000000e6180000)
  from space 10240K, 0% used [0x00000000e6d80000,0x00000000e6d80000,0x00000000e7780000)
  to   space 12288K, 0% used [0x00000000e6180000,0x00000000e6180000,0x00000000e6d80000)
 ParOldGen       total 83456K, used 17879K [0x00000000a0000000, 0x00000000a5180000, 0x00000000e0000000)
  object space 83456K, 21% used [0x00000000a0000000,0x00000000a1175f30,0x00000000a5180000)
 Metaspace       used 40458K, capacity 41350K, committed 41688K, reserved 1085440K
  class space    used 5504K, capacity 5774K, committed 5888K, reserved 1048576K
Event: 10.787 GC heap after
Heap after GC invocations=11 (full 2):
 PSYoungGen      total 112128K, used 11149K [0x00000000e0000000, 0x00000000e9800000, 0x0000000100000000)
  eden space 99840K, 0% used [0x00000000e0000000,0x00000000e0000000,0x00000000e6180000)
  from space 12288K, 90% used [0x00000000e6180000,0x00000000e6c636b0,0x00000000e6d80000)
  to   space 13312K, 0% used [0x00000000e8b00000,0x00000000e8b00000,0x00000000e9800000)
 ParOldGen       total 83456K, used 17887K [0x00000000a0000000, 0x00000000a5180000, 0x00000000e0000000)
  object space 83456K, 21% used [0x00000000a0000000,0x00000000a1177f30,0x00000000a5180000)
 Metaspace       used 40458K, capacity 41350K, committed 41688K, reserved 1085440K
  class space    used 5504K, capacity 5774K, committed 5888K, reserved 1048576K
}
Event: 12.160 GC heap before
{Heap before GC invocations=12 (full 2):
 PSYoungGen      total 112128K, used 110989K [0x00000000e0000000, 0x00000000e9800000, 0x0000000100000000)
  eden space 99840K, 100% used [0x00000000e0000000,0x00000000e6180000,0x00000000e6180000)
  from space 12288K, 90% used [0x00000000e6180000,0x00000000e6c636b0,0x00000000e6d80000)
  to   space 13312K, 0% used [0x00000000e8b00000,0x00000000e8b00000,0x00000000e9800000)
 ParOldGen       total 83456K, used 17887K [0x00000000a0000000, 0x00000000a5180000, 0x00000000e0000000)
  object space 83456K, 21% used [0x00000000a0000000,0x00000000a1177f30,0x00000000a5180000)
 Metaspace       used 46568K, capacity 47546K, committed 47832K, reserved 1091584K
  class space    used 6288K, capacity 6584K, committed 6656K, reserved 1048576K
Event: 12.173 GC heap after
Heap after GC invocations=12 (full 2):
 PSYoungGen      total 140800K, used 13307K [0x00000000e0000000, 0x00000000e9980000, 0x0000000100000000)
  eden space 127488K, 0% used [0x00000000e0000000,0x00000000e0000000,0x00000000e7c80000)
  from space 13312K, 99% used [0x00000000e8b00000,0x00000000e97feda0,0x00000000e9800000)
  to   space 14848K, 0% used [0x00000000e7c80000,0x00000000e7c80000,0x00000000e8b00000)
 ParOldGen       total 83456K, used 18946K [0x00000000a0000000, 0x00000000a5180000, 0x00000000e0000000)
  object space 83456K, 22% used [0x00000000a0000000,0x00000000a1280bc8,0x00000000a5180000)
 Metaspace       used 46568K, capacity 47546K, committed 47832K, reserved 1091584K
  class space    used 6288K, capacity 6584K, committed 6656K, reserved 1048576K
}
Event: 15.294 GC heap before
{Heap before GC invocations=13 (full 2):
 PSYoungGen      total 140800K, used 140795K [0x00000000e0000000, 0x00000000e9980000, 0x0000000100000000)
  eden space 127488K, 100% used [0x00000000e0000000,0x00000000e7c80000,0x00000000e7c80000)
  from space 13312K, 99% used [0x00000000e8b00000,0x00000000e97feda0,0x00000000e9800000)
  to   space 14848K, 0% used [0x00000000e7c80000,0x00000000e7c80000,0x00000000e8b00000)
 ParOldGen       total 83456K, used 18946K [0x00000000a0000000, 0x00000000a5180000, 0x00000000e0000000)
  object space 83456K, 22% used [0x00000000a0000000,0x00000000a1280bc8,0x00000000a5180000)
 Metaspace       used 54009K, capacity 55884K, committed 56152K, reserved 1097728K
  class space    used 7360K, capacity 7791K, committed 7808K, reserved 1048576K
Event: 15.322 GC heap after
Heap after GC invocations=13 (full 2):
 PSYoungGen      total 142336K, used 14841K [0x00000000e0000000, 0x00000000e9980000, 0x0000000100000000)
  eden space 127488K, 0% used [0x00000000e0000000,0x00000000e0000000,0x00000000e7c80000)
  from space 14848K, 99% used [0x00000000e7c80000,0x00000000e8afe5d8,0x00000000e8b00000)
  to   space 13312K, 0% used [0x00000000e8b00000,0x00000000e8b00000,0x00000000e9800000)
 ParOldGen       total 83456K, used 27005K [0x00000000a0000000, 0x00000000a5180000, 0x00000000e0000000)
  object space 83456K, 32% used [0x00000000a0000000,0x00000000a1a5f6e0,0x00000000a5180000)
 Metaspace       used 54009K, capacity 55884K, committed 56152K, reserved 1097728K
  class space    used 7360K, capacity 7791K, committed 7808K, reserved 1048576K
}
Event: 17.684 GC heap before
{Heap before GC invocations=14 (full 2):
 PSYoungGen      total 142336K, used 81299K [0x00000000e0000000, 0x00000000e9980000, 0x0000000100000000)
  eden space 127488K, 52% used [0x00000000e0000000,0x00000000e40e66e8,0x00000000e7c80000)
  from space 14848K, 99% used [0x00000000e7c80000,0x00000000e8afe5d8,0x00000000e8b00000)
  to   space 13312K, 0% used [0x00000000e8b00000,0x00000000e8b00000,0x00000000e9800000)
 ParOldGen       total 83456K, used 27005K [0x00000000a0000000, 0x00000000a5180000, 0x00000000e0000000)
  object space 83456K, 32% used [0x00000000a0000000,0x00000000a1a5f6e0,0x00000000a5180000)
 Metaspace       used 57128K, capacity 58938K, committed 59028K, reserved 1099776K
  class space    used 7777K, capacity 8190K, committed 8192K, reserved 1048576K
Event: 17.699 GC heap after
Heap after GC invocations=14 (full 2):
 PSYoungGen      total 135680K, used 4110K [0x00000000e0000000, 0x00000000ec180000, 0x0000000100000000)
  eden space 122368K, 0% used [0x00000000e0000000,0x00000000e0000000,0x00000000e7780000)
  from space 13312K, 30% used [0x00000000e8b00000,0x00000000e8f03938,0x00000000e9800000)
  to   space 19968K, 0% used [0x00000000e7780000,0x00000000e7780000,0x00000000e8b00000)
 ParOldGen       total 83456K, used 37171K [0x00000000a0000000, 0x00000000a5180000, 0x00000000e0000000)
  object space 83456K, 44% used [0x00000000a0000000,0x00000000a244ce38,0x00000000a5180000)
 Metaspace       used 57128K, capacity 58938K, committed 59028K, reserved 1099776K
  class space    used 7777K, capacity 8190K, committed 8192K, reserved 1048576K
}
Event: 17.699 GC heap before
{Heap before GC invocations=15 (full 3):
 PSYoungGen      total 135680K, used 4110K [0x00000000e0000000, 0x00000000ec180000, 0x0000000100000000)
  eden space 122368K, 0% used [0x00000000e0000000,0x00000000e0000000,0x00000000e7780000)
  from space 13312K, 30% used [0x00000000e8b00000,0x00000000e8f03938,0x00000000e9800000)
  to   space 19968K, 0% used [0x00000000e7780000,0x00000000e7780000,0x00000000e8b00000)
 ParOldGen       total 83456K, used 37171K [0x00000000a0000000, 0x00000000a5180000, 0x00000000e0000000)
  object space 83456K, 44% used [0x00000000a0000000,0x00000000a244ce38,0x00000000a5180000)
 Metaspace       used 57128K, capacity 58938K, committed 59028K, reserved 1099776K
  class space    used 7777K, capacity 8190K, committed 8192K, reserved 1048576K
Event: 17.919 GC heap after
Heap after GC invocations=15 (full 3):
 PSYoungGen      total 135680K, used 0K [0x00000000e0000000, 0x00000000ec180000, 0x0000000100000000)
  eden space 122368K, 0% used [0x00000000e0000000,0x00000000e0000000,0x00000000e7780000)
  from space 13312K, 0% used [0x00000000e8b00000,0x00000000e8b00000,0x00000000e9800000)
  to   space 19968K, 0% used [0x00000000e7780000,0x00000000e7780000,0x00000000e8b00000)
 ParOldGen       total 83456K, used 34754K [0x00000000a0000000, 0x00000000a5180000, 0x00000000e0000000)
  object space 83456K, 41% used [0x00000000a0000000,0x00000000a21f0b98,0x00000000a5180000)
 Metaspace       used 57128K, capacity 58938K, committed 59028K, reserved 1099776K
  class space    used 7777K, capacity 8190K, committed 8192K, reserved 1048576K
}

