# JRE version: OpenJDK Runtime Environment (8.0_152-b02) (build 1.8.0_152-release-1024-b02)
# Java VM: OpenJDK 64-Bit Server VM (25.152-b02 mixed mode windows-amd64 compressed oops)
Heap:
 PSYoungGen      total 181248K, used 154477K [0x00000000e0000000, 0x00000000eee00000, 0x0000000100000000)
  eden space 165888K, 93% used [0x00000000e0000000,0x00000000e96db628,0x00000000ea200000)
  from space 15360K, 0% used [0x00000000ea200000,0x00000000ea200000,0x00000000eb100000)
  to   space 15360K, 0% used [0x00000000edf00000,0x00000000edf00000,0x00000000eee00000)
 ParOldGen       total 124416K, used 35574K [0x00000000a0000000, 0x00000000a7980000, 0x00000000e0000000)
  object space 124416K, 28% used [0x00000000a0000000,0x00000000a22bd9a0,0x00000000a7980000)
 Metaspace       used 64565K, capacity 66714K, committed 66904K, reserved 1107968K
  class space    used 8479K, capacity 8976K, committed 9088K, reserved 1048576K
GC Heap History (10 events):
Event: 7.990 GC heap before
{Heap before GC invocations=12 (full 2):
 PSYoungGen      total 102912K, used 91136K [0x00000000e0000000, 0x00000000e9d00000, 0x0000000100000000)
  eden space 91136K, 100% used [0x00000000e0000000,0x00000000e5900000,0x00000000e5900000)
  from space 11776K, 0% used [0x00000000e5900000,0x00000000e5900000,0x00000000e6480000)
  to   space 11776K, 0% used [0x00000000e9180000,0x00000000e9180000,0x00000000e9d00000)
 ParOldGen       total 77312K, used 14105K [0x00000000a0000000, 0x00000000a4b80000, 0x00000000e0000000)
  object space 77312K, 18% used [0x00000000a0000000,0x00000000a0dc65d8,0x00000000a4b80000)
 Metaspace       used 40274K, capacity 41106K, committed 41304K, reserved 1085440K
  class space    used 5480K, capacity 5712K, committed 5760K, reserved 1048576K
Event: 7.998 GC heap after
Heap after GC invocations=12 (full 2):
 PSYoungGen      total 135680K, used 9849K [0x00000000e0000000, 0x00000000e9b80000, 0x0000000100000000)
  eden space 125440K, 0% used [0x00000000e0000000,0x00000000e0000000,0x00000000e7a80000)
  from space 10240K, 96% used [0x00000000e9180000,0x00000000e9b1e768,0x00000000e9b80000)
  to   space 12288K, 0% used [0x00000000e8380000,0x00000000e8380000,0x00000000e8f80000)
 ParOldGen       total 77312K, used 14113K [0x00000000a0000000, 0x00000000a4b80000, 0x00000000e0000000)
  object space 77312K, 18% used [0x00000000a0000000,0x00000000a0dc85d8,0x00000000a4b80000)
 Metaspace       used 40274K, capacity 41106K, committed 41304K, reserved 1085440K
  class space    used 5480K, capacity 5712K, committed 5760K, reserved 1048576K
}
Event: 9.207 GC heap before
{Heap before GC invocations=13 (full 2):
 PSYoungGen      total 135680K, used 135289K [0x00000000e0000000, 0x00000000e9b80000, 0x0000000100000000)
  eden space 125440K, 100% used [0x00000000e0000000,0x00000000e7a80000,0x00000000e7a80000)
  from space 10240K, 96% used [0x00000000e9180000,0x00000000e9b1e768,0x00000000e9b80000)
  to   space 12288K, 0% used [0x00000000e8380000,0x00000000e8380000,0x00000000e8f80000)
 ParOldGen       total 77312K, used 14113K [0x00000000a0000000, 0x00000000a4b80000, 0x00000000e0000000)
  object space 77312K, 18% used [0x00000000a0000000,0x00000000a0dc85d8,0x00000000a4b80000)
 Metaspace       used 46604K, capacity 47572K, committed 47832K, reserved 1091584K
  class space    used 6294K, capacity 6591K, committed 6656K, reserved 1048576K
Event: 9.218 GC heap after
Heap after GC invocations=13 (full 2):
 PSYoungGen      total 146944K, used 8788K [0x00000000e0000000, 0x00000000ebd00000, 0x0000000100000000)
  eden space 134656K, 0% used [0x00000000e0000000,0x00000000e0000000,0x00000000e8380000)
  from space 12288K, 71% used [0x00000000e8380000,0x00000000e8c15178,0x00000000e8f80000)
  to   space 12288K, 0% used [0x00000000eb100000,0x00000000eb100000,0x00000000ebd00000)
 ParOldGen       total 77312K, used 20332K [0x00000000a0000000, 0x00000000a4b80000, 0x00000000e0000000)
  object space 77312K, 26% used [0x00000000a0000000,0x00000000a13db070,0x00000000a4b80000)
 Metaspace       used 46604K, capacity 47572K, committed 47832K, reserved 1091584K
  class space    used 6294K, capacity 6591K, committed 6656K, reserved 1048576K
}
Event: 11.290 GC heap before
{Heap before GC invocations=14 (full 2):
 PSYoungGen      total 146944K, used 143444K [0x00000000e0000000, 0x00000000ebd00000, 0x0000000100000000)
  eden space 134656K, 100% used [0x00000000e0000000,0x00000000e8380000,0x00000000e8380000)
  from space 12288K, 71% used [0x00000000e8380000,0x00000000e8c15178,0x00000000e8f80000)
  to   space 12288K, 0% used [0x00000000eb100000,0x00000000eb100000,0x00000000ebd00000)
 ParOldGen       total 77312K, used 20332K [0x00000000a0000000, 0x00000000a4b80000, 0x00000000e0000000)
  object space 77312K, 26% used [0x00000000a0000000,0x00000000a13db070,0x00000000a4b80000)
 Metaspace       used 54185K, capacity 56072K, committed 56280K, reserved 1097728K
  class space    used 7376K, capacity 7831K, committed 7936K, reserved 1048576K
Event: 11.307 GC heap after
Heap after GC invocations=14 (full 2):
 PSYoungGen      total 178176K, used 12274K [0x00000000e0000000, 0x00000000ecb80000, 0x0000000100000000)
  eden space 165888K, 0% used [0x00000000e0000000,0x00000000e0000000,0x00000000ea200000)
  from space 12288K, 99% used [0x00000000eb100000,0x00000000ebcfcb08,0x00000000ebd00000)
  to   space 15360K, 0% used [0x00000000ea200000,0x00000000ea200000,0x00000000eb100000)
 ParOldGen       total 77312K, used 25281K [0x00000000a0000000, 0x00000000a4b80000, 0x00000000e0000000)
  object space 77312K, 32% used [0x00000000a0000000,0x00000000a18b0548,0x00000000a4b80000)
 Metaspace       used 54185K, capacity 56072K, committed 56280K, reserved 1097728K
  class space    used 7376K, capacity 7831K, committed 7936K, reserved 1048576K
}
Event: 15.529 GC heap before
{Heap before GC invocations=15 (full 2):
 PSYoungGen      total 178176K, used 88064K [0x00000000e0000000, 0x00000000ecb80000, 0x0000000100000000)
  eden space 165888K, 45% used [0x00000000e0000000,0x00000000e4a035d8,0x00000000ea200000)
  from space 12288K, 99% used [0x00000000eb100000,0x00000000ebcfcb08,0x00000000ebd00000)
  to   space 15360K, 0% used [0x00000000ea200000,0x00000000ea200000,0x00000000eb100000)
 ParOldGen       total 77312K, used 25281K [0x00000000a0000000, 0x00000000a4b80000, 0x00000000e0000000)
  object space 77312K, 32% used [0x00000000a0000000,0x00000000a18b0548,0x00000000a4b80000)
 Metaspace       used 56992K, capacity 58954K, committed 59028K, reserved 1099776K
  class space    used 7686K, capacity 8118K, committed 8192K, reserved 1048576K
Event: 15.545 GC heap after
Heap after GC invocations=15 (full 2):
 PSYoungGen      total 181248K, used 4356K [0x00000000e0000000, 0x00000000eee00000, 0x0000000100000000)
  eden space 165888K, 0% used [0x00000000e0000000,0x00000000e0000000,0x00000000ea200000)
  from space 15360K, 28% used [0x00000000ea200000,0x00000000ea641330,0x00000000eb100000)
  to   space 15360K, 0% used [0x00000000edf00000,0x00000000edf00000,0x00000000eee00000)
 ParOldGen       total 77312K, used 34399K [0x00000000a0000000, 0x00000000a4b80000, 0x00000000e0000000)
  object space 77312K, 44% used [0x00000000a0000000,0x00000000a2197de0,0x00000000a4b80000)
 Metaspace       used 56992K, capacity 58954K, committed 59028K, reserved 1099776K
  class space    used 7686K, capacity 8118K, committed 8192K, reserved 1048576K
}
Event: 15.545 GC heap before
{Heap before GC invocations=16 (full 3):
 PSYoungGen      total 181248K, used 4356K [0x00000000e0000000, 0x00000000eee00000, 0x0000000100000000)
  eden space 165888K, 0% used [0x00000000e0000000,0x00000000e0000000,0x00000000ea200000)
  from space 15360K, 28% used [0x00000000ea200000,0x00000000ea641330,0x00000000eb100000)
  to   space 15360K, 0% used [0x00000000edf00000,0x00000000edf00000,0x00000000eee00000)
 ParOldGen       total 77312K, used 34399K [0x00000000a0000000, 0x00000000a4b80000, 0x00000000e0000000)
  object space 77312K, 44% used [0x00000000a0000000,0x00000000a2197de0,0x00000000a4b80000)
 Metaspace       used 56992K, capacity 58954K, committed 59028K, reserved 1099776K
  class space    used 7686K, capacity 8118K, committed 8192K, reserved 1048576K
Event: 15.853 GC heap after
Heap after GC invocations=16 (full 3):
 PSYoungGen      total 181248K, used 0K [0x00000000e0000000, 0x00000000eee00000, 0x0000000100000000)
  eden space 165888K, 0% used [0x00000000e0000000,0x00000000e0000000,0x00000000ea200000)
  from space 15360K, 0% used [0x00000000ea200000,0x00000000ea200000,0x00000000eb100000)
  to   space 15360K, 0% used [0x00000000edf00000,0x00000000edf00000,0x00000000eee00000)
 ParOldGen       total 124416K, used 35574K [0x00000000a0000000, 0x00000000a7980000, 0x00000000e0000000)
  object space 124416K, 28% used [0x00000000a0000000,0x00000000a22bd9a0,0x00000000a7980000)
 Metaspace       used 56992K, capacity 58954K, committed 59028K, reserved 1099776K
  class space    used 7686K, capacity 8118K, committed 8192K, reserved 1048576K
}

