# JRE version: OpenJDK Runtime Environment (8.0_152-b02) (build 1.8.0_152-release-1024-b02)
# Java VM: OpenJDK 64-Bit Server VM (25.152-b02 mixed mode windows-amd64 compressed oops)
Heap:
 PSYoungGen      total 453120K, used 365609K [0x00000000e0000000, 0x0000000100000000, 0x0000000100000000)
  eden space 406528K, 78% used [0x00000000e0000000,0x00000000f37ac120,0x00000000f8d00000)
  from space 46592K, 99% used [0x00000000f8d00000,0x00000000fba5e438,0x00000000fba80000)
  to   space 62976K, 0% used [0x00000000fc280000,0x00000000fc280000,0x0000000100000000)
 ParOldGen       total 186368K, used 43315K [0x00000000a0000000, 0x00000000ab600000, 0x00000000e0000000)
  object space 186368K, 23% used [0x00000000a0000000,0x00000000a2a4cfa0,0x00000000ab600000)
 Metaspace       used 94115K, capacity 98916K, committed 99416K, reserved 1136640K
  class space    used 11822K, capacity 12791K, committed 12928K, reserved 1048576K
GC Heap History (10 events):
Event: 2257.572 GC heap before
{Heap before GC invocations=21 (full 4):
 PSYoungGen      total 375808K, used 350720K [0x00000000e0000000, 0x00000000f9d80000, 0x0000000100000000)
  eden space 350720K, 100% used [0x00000000e0000000,0x00000000f5680000,0x00000000f5680000)
  from space 25088K, 0% used [0x00000000f8500000,0x00000000f8500000,0x00000000f9d80000)
  to   space 36352K, 0% used [0x00000000f5680000,0x00000000f5680000,0x00000000f7a00000)
 ParOldGen       total 186368K, used 43283K [0x00000000a0000000, 0x00000000ab600000, 0x00000000e0000000)
  object space 186368K, 23% used [0x00000000a0000000,0x00000000a2a44fa0,0x00000000ab600000)
 Metaspace       used 90266K, capacity 93948K, committed 95448K, reserved 1132544K
  class space    used 11550K, capacity 12343K, committed 12800K, reserved 1048576K
Event: 2257.628 GC heap after
Heap after GC invocations=21 (full 4):
 PSYoungGen      total 387072K, used 35143K [0x00000000e0000000, 0x00000000fe700000, 0x0000000100000000)
  eden space 350720K, 0% used [0x00000000e0000000,0x00000000e0000000,0x00000000f5680000)
  from space 36352K, 96% used [0x00000000f5680000,0x00000000f78d1e30,0x00000000f7a00000)
  to   space 40960K, 0% used [0x00000000fbf00000,0x00000000fbf00000,0x00000000fe700000)
 ParOldGen       total 186368K, used 43291K [0x00000000a0000000, 0x00000000ab600000, 0x00000000e0000000)
  object space 186368K, 23% used [0x00000000a0000000,0x00000000a2a46fa0,0x00000000ab600000)
 Metaspace       used 90266K, capacity 93948K, committed 95448K, reserved 1132544K
  class space    used 11550K, capacity 12343K, committed 12800K, reserved 1048576K
}
Event: 3278.881 GC heap before
{Heap before GC invocations=22 (full 4):
 PSYoungGen      total 387072K, used 385863K [0x00000000e0000000, 0x00000000fe700000, 0x0000000100000000)
  eden space 350720K, 100% used [0x00000000e0000000,0x00000000f5680000,0x00000000f5680000)
  from space 36352K, 96% used [0x00000000f5680000,0x00000000f78d1e30,0x00000000f7a00000)
  to   space 40960K, 0% used [0x00000000fbf00000,0x00000000fbf00000,0x00000000fe700000)
 ParOldGen       total 186368K, used 43291K [0x00000000a0000000, 0x00000000ab600000, 0x00000000e0000000)
  object space 186368K, 23% used [0x00000000a0000000,0x00000000a2a46fa0,0x00000000ab600000)
 Metaspace       used 91462K, capacity 95576K, committed 96344K, reserved 1132544K
  class space    used 11647K, capacity 12543K, committed 12928K, reserved 1048576K
Event: 3278.911 GC heap after
Heap after GC invocations=22 (full 4):
 PSYoungGen      total 447488K, used 37793K [0x00000000e0000000, 0x00000000fe680000, 0x0000000100000000)
  eden space 407040K, 0% used [0x00000000e0000000,0x00000000e0000000,0x00000000f8d80000)
  from space 40448K, 93% used [0x00000000fbf00000,0x00000000fe3e85a0,0x00000000fe680000)
  to   space 45568K, 0% used [0x00000000f8d80000,0x00000000f8d80000,0x00000000fba00000)
 ParOldGen       total 186368K, used 43299K [0x00000000a0000000, 0x00000000ab600000, 0x00000000e0000000)
  object space 186368K, 23% used [0x00000000a0000000,0x00000000a2a48fa0,0x00000000ab600000)
 Metaspace       used 91462K, capacity 95576K, committed 96344K, reserved 1132544K
  class space    used 11647K, capacity 12543K, committed 12928K, reserved 1048576K
}
Event: 3723.084 GC heap before
{Heap before GC invocations=23 (full 4):
 PSYoungGen      total 447488K, used 444833K [0x00000000e0000000, 0x00000000fe680000, 0x0000000100000000)
  eden space 407040K, 100% used [0x00000000e0000000,0x00000000f8d80000,0x00000000f8d80000)
  from space 40448K, 93% used [0x00000000fbf00000,0x00000000fe3e85a0,0x00000000fe680000)
  to   space 45568K, 0% used [0x00000000f8d80000,0x00000000f8d80000,0x00000000fba00000)
 ParOldGen       total 186368K, used 43299K [0x00000000a0000000, 0x00000000ab600000, 0x00000000e0000000)
  object space 186368K, 23% used [0x00000000a0000000,0x00000000a2a48fa0,0x00000000ab600000)
 Metaspace       used 92550K, capacity 97314K, committed 97880K, reserved 1134592K
  class space    used 11739K, capacity 12724K, committed 12928K, reserved 1048576K
Event: 3723.138 GC heap after
Heap after GC invocations=23 (full 4):
 PSYoungGen      total 452608K, used 42385K [0x00000000e0000000, 0x0000000100000000, 0x0000000100000000)
  eden space 407040K, 0% used [0x00000000e0000000,0x00000000e0000000,0x00000000f8d80000)
  from space 45568K, 93% used [0x00000000f8d80000,0x00000000fb6e45d0,0x00000000fba00000)
  to   space 51200K, 0% used [0x00000000fce00000,0x00000000fce00000,0x0000000100000000)
 ParOldGen       total 186368K, used 43307K [0x00000000a0000000, 0x00000000ab600000, 0x00000000e0000000)
  object space 186368K, 23% used [0x00000000a0000000,0x00000000a2a4afa0,0x00000000ab600000)
 Metaspace       used 92550K, capacity 97314K, committed 97880K, reserved 1134592K
  class space    used 11739K, capacity 12724K, committed 12928K, reserved 1048576K
}
Event: 3728.350 GC heap before
{Heap before GC invocations=24 (full 4):
 PSYoungGen      total 452608K, used 449425K [0x00000000e0000000, 0x0000000100000000, 0x0000000100000000)
  eden space 407040K, 100% used [0x00000000e0000000,0x00000000f8d80000,0x00000000f8d80000)
  from space 45568K, 93% used [0x00000000f8d80000,0x00000000fb6e45d0,0x00000000fba00000)
  to   space 51200K, 0% used [0x00000000fce00000,0x00000000fce00000,0x0000000100000000)
 ParOldGen       total 186368K, used 43307K [0x00000000a0000000, 0x00000000ab600000, 0x00000000e0000000)
  object space 186368K, 23% used [0x00000000a0000000,0x00000000a2a4afa0,0x00000000ab600000)
 Metaspace       used 93455K, capacity 98186K, committed 98648K, reserved 1134592K
  class space    used 11815K, capacity 12782K, committed 12928K, reserved 1048576K
Event: 3728.396 GC heap after
Heap after GC invocations=24 (full 4):
 PSYoungGen      total 457728K, used 50615K [0x00000000e0000000, 0x0000000100000000, 0x0000000100000000)
  eden space 406528K, 0% used [0x00000000e0000000,0x00000000e0000000,0x00000000f8d00000)
  from space 51200K, 98% used [0x00000000fce00000,0x00000000fff6dd88,0x0000000100000000)
  to   space 58880K, 0% used [0x00000000f8d00000,0x00000000f8d00000,0x00000000fc680000)
 ParOldGen       total 186368K, used 43315K [0x00000000a0000000, 0x00000000ab600000, 0x00000000e0000000)
  object space 186368K, 23% used [0x00000000a0000000,0x00000000a2a4cfa0,0x00000000ab600000)
 Metaspace       used 93455K, capacity 98186K, committed 98648K, reserved 1134592K
  class space    used 11815K, capacity 12782K, committed 12928K, reserved 1048576K
}
Event: 3729.199 GC heap before
{Heap before GC invocations=25 (full 4):
 PSYoungGen      total 457728K, used 457143K [0x00000000e0000000, 0x0000000100000000, 0x0000000100000000)
  eden space 406528K, 100% used [0x00000000e0000000,0x00000000f8d00000,0x00000000f8d00000)
  from space 51200K, 98% used [0x00000000fce00000,0x00000000fff6dd88,0x0000000100000000)
  to   space 58880K, 0% used [0x00000000f8d00000,0x00000000f8d00000,0x00000000fc680000)
 ParOldGen       total 186368K, used 43315K [0x00000000a0000000, 0x00000000ab600000, 0x00000000e0000000)
  object space 186368K, 23% used [0x00000000a0000000,0x00000000a2a4cfa0,0x00000000ab600000)
 Metaspace       used 93882K, capacity 98722K, committed 99160K, reserved 1136640K
  class space    used 11816K, capacity 12782K, committed 12928K, reserved 1048576K
Event: 3729.252 GC heap after
Heap after GC invocations=25 (full 4):
 PSYoungGen      total 453120K, used 46457K [0x00000000e0000000, 0x0000000100000000, 0x0000000100000000)
  eden space 406528K, 0% used [0x00000000e0000000,0x00000000e0000000,0x00000000f8d00000)
  from space 46592K, 99% used [0x00000000f8d00000,0x00000000fba5e438,0x00000000fba80000)
  to   space 62976K, 0% used [0x00000000fc280000,0x00000000fc280000,0x0000000100000000)
 ParOldGen       total 186368K, used 43315K [0x00000000a0000000, 0x00000000ab600000, 0x00000000e0000000)
  object space 186368K, 23% used [0x00000000a0000000,0x00000000a2a4cfa0,0x00000000ab600000)
 Metaspace       used 93882K, capacity 98722K, committed 99160K, reserved 1136640K
  class space    used 11816K, capacity 12782K, committed 12928K, reserved 1048576K
}

